<!DOCTYPE html>
<html>
<head>
<meta http-equiv="Content-Type" content="text/html; charset=utf-8"/>
<meta http-equiv="x-ua-compatible" content="IE=edge"/>
<title>Test results - ProductOpenAPIMockServerProviderTest</title>
<link href="../css/base-style.css" rel="stylesheet" type="text/css"/>
<link href="../css/style.css" rel="stylesheet" type="text/css"/>
<script src="../js/report.js" type="text/javascript"></script>
</head>
<body>
<div id="content">
<h1>ProductOpenAPIMockServerProviderTest</h1>
<div class="breadcrumbs">
<a href="../index.html">all</a> &gt; 
<a href="../packages/au.com.dius.pactworkshop.provider.html">au.com.dius.pactworkshop.provider</a> &gt; ProductOpenAPIMockServerProviderTest</div>
<div id="summary">
<table>
<tr>
<td>
<div class="summaryGroup">
<table>
<tr>
<td>
<div class="infoBox" id="tests">
<div class="counter">2</div>
<p>tests</p>
</div>
</td>
<td>
<div class="infoBox" id="failures">
<div class="counter">0</div>
<p>failures</p>
</div>
</td>
<td>
<div class="infoBox" id="ignored">
<div class="counter">0</div>
<p>ignored</p>
</div>
</td>
<td>
<div class="infoBox" id="duration">
<div class="counter">0.150s</div>
<p>duration</p>
</div>
</td>
</tr>
</table>
</div>
</td>
<td>
<div class="infoBox success" id="successRate">
<div class="percent">100%</div>
<p>successful</p>
</div>
</td>
</tr>
</table>
</div>
<div id="tabs">
<ul class="tabLinks">
<li>
<a href="#tab0">Tests</a>
</li>
<li>
<a href="#tab1">Standard output</a>
</li>
</ul>
<div id="tab0" class="tab">
<h2>Tests</h2>
<table>
<thead>
<tr>
<th>Test</th>
<th>Duration</th>
<th>Result</th>
</tr>
</thead>
<tr>
<td class="success">isValidProductListRequest()</td>
<td class="success">0.106s</td>
<td class="success">passed</td>
</tr>
<tr>
<td class="success">isValidProductRequest()</td>
<td class="success">0.044s</td>
<td class="success">passed</td>
</tr>
</table>
</div>
<div id="tab1" class="tab">
<h2>Standard output</h2>
<span class="code">
<pre>2022-08-05 12:32:01.121  INFO 28719 --- [    Test worker] o.s.mock.web.MockServletContext          : Initializing Spring TestDispatcherServlet ''
2022-08-05 12:32:01.122  INFO 28719 --- [    Test worker] o.s.t.web.servlet.TestDispatcherServlet  : Initializing Servlet ''
2022-08-05 12:32:01.122  INFO 28719 --- [    Test worker] o.s.t.web.servlet.TestDispatcherServlet  : Completed initialization in 0 ms
2022-08-05 12:32:01.158  WARN 28719 --- [    Test worker] io.swagger.v3.parser.OpenAPIV3Parser     : Exception while reading:

io.swagger.v3.parser.exception.ReadContentException: Unable to read location `{
  &quot;openapi&quot;: &quot;3.0.1&quot;,
  &quot;info&quot;: {
    &quot;title&quot;: &quot;OpenAPI definition&quot;,
    &quot;version&quot;: &quot;v0&quot;
  },
  &quot;servers&quot;: [
    {
      &quot;url&quot;: &quot;http://localhost:8080&quot;,
      &quot;description&quot;: &quot;Generated server url&quot;
    }
  ],
  &quot;paths&quot;: {
    &quot;/products&quot;: {
      &quot;get&quot;: {
        &quot;tags&quot;: [
          &quot;product-controller&quot;
        ],
        &quot;operationId&quot;: &quot;getAllProducts&quot;,
        &quot;responses&quot;: {
          &quot;200&quot;: {
            &quot;description&quot;: &quot;OK&quot;,
            &quot;content&quot;: {
              &quot;application/json&quot;: {
                &quot;schema&quot;: {
                  &quot;type&quot;: &quot;array&quot;,
                  &quot;items&quot;: {
                    &quot;$ref&quot;: &quot;#/components/schemas/Product&quot;
                  }
                },
                &quot;examples&quot;: {
                  &quot;exists&quot;: {
                    &quot;value&quot;: [
                      {
                        &quot;id&quot;: &quot;9&quot;,
                        &quot;type&quot;: &quot;CREDIT_CARD&quot;,
                        &quot;name&quot;: &quot;GEM Visa&quot;,
                        &quot;version&quot;: &quot;v2&quot;
                      },
                      {
                        &quot;id&quot;: &quot;10&quot;,
                        &quot;type&quot;: &quot;CREDIT_CARD&quot;,
                        &quot;name&quot;: &quot;28 Degrees&quot;,
                        &quot;version&quot;: &quot;v1&quot;
                      }
                    ]
                  },
                  &quot;notExists&quot;: {
                    &quot;value&quot;: []
                  }
                }
              }
            }
          },
          &quot;401&quot;: {
            &quot;$ref&quot;: &quot;#/components/responses/UnauthorizedError&quot;
          }
        }
      }
    },
    &quot;/product/{id}&quot;: {
      &quot;get&quot;: {
        &quot;tags&quot;: [
          &quot;product-controller&quot;
        ],
        &quot;operationId&quot;: &quot;getProductById&quot;,
        &quot;parameters&quot;: [
          {
            &quot;name&quot;: &quot;id&quot;,
            &quot;in&quot;: &quot;path&quot;,
            &quot;required&quot;: true,
            &quot;schema&quot;: {
              &quot;type&quot;: &quot;string&quot;
            }
          }
        ],
        &quot;responses&quot;: {
          &quot;200&quot;: {
            &quot;description&quot;: &quot;OK&quot;,
            &quot;content&quot;: {
              &quot;application/json&quot;: {
                &quot;schema&quot;: {
                  &quot;$ref&quot;: &quot;#/components/schemas/Product&quot;
                },
                &quot;example&quot;: {
                  &quot;id&quot;: &quot;50&quot;,
                  &quot;type&quot;: &quot;CREDIT_CARD&quot;,
                  &quot;name&quot;: &quot;28 Degrees&quot;,
                  &quot;version&quot;: &quot;v1&quot;
                }
              }
            }
          },
          &quot;401&quot;: {
            &quot;$ref&quot;: &quot;#/components/responses/UnauthorizedError&quot;
          },
          &quot;404&quot;: {
            &quot;description&quot;: &quot;Product not found&quot;,
            &quot;content&quot;: {}
          }
        }
      }
    }
  },
  &quot;components&quot;: {
    &quot;responses&quot;: {
      &quot;UnauthorizedError&quot;: {
        &quot;description&quot;: &quot;Access token is missing or invalid&quot;
      }
    },
    &quot;schemas&quot;: {
      &quot;Product&quot;: {
        &quot;type&quot;: &quot;object&quot;,
        &quot;properties&quot;: {
          &quot;id&quot;: {
            &quot;type&quot;: &quot;string&quot;
          },
          &quot;type&quot;: {
            &quot;type&quot;: &quot;string&quot;
          },
          &quot;name&quot;: {
            &quot;type&quot;: &quot;string&quot;
          },
          &quot;version&quot;: {
            &quot;type&quot;: &quot;string&quot;
          }
        }
      }
    },
    &quot;securitySchemes&quot;: {
      &quot;bearerAuth&quot;: {
        &quot;type&quot;: &quot;http&quot;,
        &quot;scheme&quot;: &quot;bearer&quot;,
        &quot;bearerFormat&quot;: &quot;Bearer (19|20)//d//d-(0[1-9]|1[012])-(0[1-9]|[12][0-9]|3[01])T([01][1-9]|2[0123]):[0-5][0-9]&quot;
      }
    }
  },
  &quot;security&quot;: [
    {
      &quot;bearerAuth&quot;: []
    }
  ]
}
`
	at io.swagger.v3.parser.OpenAPIV3Parser.readContentFromLocation(OpenAPIV3Parser.java:238) ~[swagger-parser-v3-2.0.28.jar:2.0.28]
	at io.swagger.v3.parser.OpenAPIV3Parser.readLocation(OpenAPIV3Parser.java:87) ~[swagger-parser-v3-2.0.28.jar:2.0.28]
	at io.swagger.parser.OpenAPIParser.readLocation(OpenAPIParser.java:16) ~[swagger-parser-2.0.28.jar:2.0.28]
	at com.atlassian.oai.validator.util.OpenApiLoader.readSwaggerParserResult(OpenApiLoader.java:79) ~[swagger-request-validator-core-2.28.2.jar:na]
	at com.atlassian.oai.validator.util.OpenApiLoader.loadApi(OpenApiLoader.java:48) ~[swagger-request-validator-core-2.28.2.jar:na]
	at com.atlassian.oai.validator.OpenApiInteractionValidator$Builder.build(OpenApiInteractionValidator.java:622) ~[swagger-request-validator-core-2.28.2.jar:na]
	at com.atlassian.oai.validator.mockmvc.OpenApiMatchers.isValid(OpenApiMatchers.java:42) ~[swagger-request-validator-mockmvc-2.28.2.jar:na]
	at au.com.dius.pactworkshop.provider.ProductOpenAPIMockServerProviderTest.isValidProductListRequest(ProductOpenAPIMockServerProviderTest.java:33) ~[test/:na]
	at java.base/jdk.internal.reflect.NativeMethodAccessorImpl.invoke0(Native Method) ~[na:na]
	at java.base/jdk.internal.reflect.NativeMethodAccessorImpl.invoke(NativeMethodAccessorImpl.java:78) ~[na:na]
	at java.base/jdk.internal.reflect.DelegatingMethodAccessorImpl.invoke(DelegatingMethodAccessorImpl.java:43) ~[na:na]
	at java.base/java.lang.reflect.Method.invoke(Method.java:567) ~[na:na]
	at org.junit.platform.commons.util.ReflectionUtils.invokeMethod(ReflectionUtils.java:725) ~[junit-platform-commons-1.8.2.jar:1.8.2]
	at org.junit.jupiter.engine.execution.MethodInvocation.proceed(MethodInvocation.java:60) ~[junit-jupiter-engine-5.8.2.jar:5.8.2]
	at org.junit.jupiter.engine.execution.InvocationInterceptorChain$ValidatingInvocation.proceed(InvocationInterceptorChain.java:131) ~[junit-jupiter-engine-5.8.2.jar:5.8.2]
	at org.junit.jupiter.engine.extension.TimeoutExtension.intercept(TimeoutExtension.java:149) ~[junit-jupiter-engine-5.8.2.jar:5.8.2]
	at org.junit.jupiter.engine.extension.TimeoutExtension.interceptTestableMethod(TimeoutExtension.java:140) ~[junit-jupiter-engine-5.8.2.jar:5.8.2]
	at org.junit.jupiter.engine.extension.TimeoutExtension.interceptTestMethod(TimeoutExtension.java:84) ~[junit-jupiter-engine-5.8.2.jar:5.8.2]
	at org.junit.jupiter.engine.execution.ExecutableInvoker$ReflectiveInterceptorCall.lambda$ofVoidMethod$0(ExecutableInvoker.java:115) ~[junit-jupiter-engine-5.8.2.jar:5.8.2]
	at org.junit.jupiter.engine.execution.ExecutableInvoker.lambda$invoke$0(ExecutableInvoker.java:105) ~[junit-jupiter-engine-5.8.2.jar:5.8.2]
	at org.junit.jupiter.engine.execution.InvocationInterceptorChain$InterceptedInvocation.proceed(InvocationInterceptorChain.java:106) ~[junit-jupiter-engine-5.8.2.jar:5.8.2]
	at org.junit.jupiter.engine.execution.InvocationInterceptorChain.proceed(InvocationInterceptorChain.java:64) ~[junit-jupiter-engine-5.8.2.jar:5.8.2]
	at org.junit.jupiter.engine.execution.InvocationInterceptorChain.chainAndInvoke(InvocationInterceptorChain.java:45) ~[junit-jupiter-engine-5.8.2.jar:5.8.2]
	at org.junit.jupiter.engine.execution.InvocationInterceptorChain.invoke(InvocationInterceptorChain.java:37) ~[junit-jupiter-engine-5.8.2.jar:5.8.2]
	at org.junit.jupiter.engine.execution.ExecutableInvoker.invoke(ExecutableInvoker.java:104) ~[junit-jupiter-engine-5.8.2.jar:5.8.2]
	at org.junit.jupiter.engine.execution.ExecutableInvoker.invoke(ExecutableInvoker.java:98) ~[junit-jupiter-engine-5.8.2.jar:5.8.2]
	at org.junit.jupiter.engine.descriptor.TestMethodTestDescriptor.lambda$invokeTestMethod$7(TestMethodTestDescriptor.java:214) ~[junit-jupiter-engine-5.8.2.jar:5.8.2]
	at org.junit.platform.engine.support.hierarchical.ThrowableCollector.execute(ThrowableCollector.java:73) ~[junit-platform-engine-1.8.2.jar:1.8.2]
	at org.junit.jupiter.engine.descriptor.TestMethodTestDescriptor.invokeTestMethod(TestMethodTestDescriptor.java:210) ~[junit-jupiter-engine-5.8.2.jar:5.8.2]
	at org.junit.jupiter.engine.descriptor.TestMethodTestDescriptor.execute(TestMethodTestDescriptor.java:135) ~[junit-jupiter-engine-5.8.2.jar:5.8.2]
	at org.junit.jupiter.engine.descriptor.TestMethodTestDescriptor.execute(TestMethodTestDescriptor.java:66) ~[junit-jupiter-engine-5.8.2.jar:5.8.2]
	at org.junit.platform.engine.support.hierarchical.NodeTestTask.lambda$executeRecursively$6(NodeTestTask.java:151) ~[junit-platform-engine-1.8.2.jar:1.8.2]
	at org.junit.platform.engine.support.hierarchical.ThrowableCollector.execute(ThrowableCollector.java:73) ~[junit-platform-engine-1.8.2.jar:1.8.2]
	at org.junit.platform.engine.support.hierarchical.NodeTestTask.lambda$executeRecursively$8(NodeTestTask.java:141) ~[junit-platform-engine-1.8.2.jar:1.8.2]
	at org.junit.platform.engine.support.hierarchical.Node.around(Node.java:137) ~[junit-platform-engine-1.8.2.jar:1.8.2]
	at org.junit.platform.engine.support.hierarchical.NodeTestTask.lambda$executeRecursively$9(NodeTestTask.java:139) ~[junit-platform-engine-1.8.2.jar:1.8.2]
	at org.junit.platform.engine.support.hierarchical.ThrowableCollector.execute(ThrowableCollector.java:73) ~[junit-platform-engine-1.8.2.jar:1.8.2]
	at org.junit.platform.engine.support.hierarchical.NodeTestTask.executeRecursively(NodeTestTask.java:138) ~[junit-platform-engine-1.8.2.jar:1.8.2]
	at org.junit.platform.engine.support.hierarchical.NodeTestTask.execute(NodeTestTask.java:95) ~[junit-platform-engine-1.8.2.jar:1.8.2]
	at java.base/java.util.ArrayList.forEach(ArrayList.java:1511) ~[na:na]
	at org.junit.platform.engine.support.hierarchical.SameThreadHierarchicalTestExecutorService.invokeAll(SameThreadHierarchicalTestExecutorService.java:41) ~[junit-platform-engine-1.8.2.jar:1.8.2]
	at org.junit.platform.engine.support.hierarchical.NodeTestTask.lambda$executeRecursively$6(NodeTestTask.java:155) ~[junit-platform-engine-1.8.2.jar:1.8.2]
	at org.junit.platform.engine.support.hierarchical.ThrowableCollector.execute(ThrowableCollector.java:73) ~[junit-platform-engine-1.8.2.jar:1.8.2]
	at org.junit.platform.engine.support.hierarchical.NodeTestTask.lambda$executeRecursively$8(NodeTestTask.java:141) ~[junit-platform-engine-1.8.2.jar:1.8.2]
	at org.junit.platform.engine.support.hierarchical.Node.around(Node.java:137) ~[junit-platform-engine-1.8.2.jar:1.8.2]
	at org.junit.platform.engine.support.hierarchical.NodeTestTask.lambda$executeRecursively$9(NodeTestTask.java:139) ~[junit-platform-engine-1.8.2.jar:1.8.2]
	at org.junit.platform.engine.support.hierarchical.ThrowableCollector.execute(ThrowableCollector.java:73) ~[junit-platform-engine-1.8.2.jar:1.8.2]
	at org.junit.platform.engine.support.hierarchical.NodeTestTask.executeRecursively(NodeTestTask.java:138) ~[junit-platform-engine-1.8.2.jar:1.8.2]
	at org.junit.platform.engine.support.hierarchical.NodeTestTask.execute(NodeTestTask.java:95) ~[junit-platform-engine-1.8.2.jar:1.8.2]
	at java.base/java.util.ArrayList.forEach(ArrayList.java:1511) ~[na:na]
	at org.junit.platform.engine.support.hierarchical.SameThreadHierarchicalTestExecutorService.invokeAll(SameThreadHierarchicalTestExecutorService.java:41) ~[junit-platform-engine-1.8.2.jar:1.8.2]
	at org.junit.platform.engine.support.hierarchical.NodeTestTask.lambda$executeRecursively$6(NodeTestTask.java:155) ~[junit-platform-engine-1.8.2.jar:1.8.2]
	at org.junit.platform.engine.support.hierarchical.ThrowableCollector.execute(ThrowableCollector.java:73) ~[junit-platform-engine-1.8.2.jar:1.8.2]
	at org.junit.platform.engine.support.hierarchical.NodeTestTask.lambda$executeRecursively$8(NodeTestTask.java:141) ~[junit-platform-engine-1.8.2.jar:1.8.2]
	at org.junit.platform.engine.support.hierarchical.Node.around(Node.java:137) ~[junit-platform-engine-1.8.2.jar:1.8.2]
	at org.junit.platform.engine.support.hierarchical.NodeTestTask.lambda$executeRecursively$9(NodeTestTask.java:139) ~[junit-platform-engine-1.8.2.jar:1.8.2]
	at org.junit.platform.engine.support.hierarchical.ThrowableCollector.execute(ThrowableCollector.java:73) ~[junit-platform-engine-1.8.2.jar:1.8.2]
	at org.junit.platform.engine.support.hierarchical.NodeTestTask.executeRecursively(NodeTestTask.java:138) ~[junit-platform-engine-1.8.2.jar:1.8.2]
	at org.junit.platform.engine.support.hierarchical.NodeTestTask.execute(NodeTestTask.java:95) ~[junit-platform-engine-1.8.2.jar:1.8.2]
	at org.junit.platform.engine.support.hierarchical.SameThreadHierarchicalTestExecutorService.submit(SameThreadHierarchicalTestExecutorService.java:35) ~[junit-platform-engine-1.8.2.jar:1.8.2]
	at org.junit.platform.engine.support.hierarchical.HierarchicalTestExecutor.execute(HierarchicalTestExecutor.java:57) ~[junit-platform-engine-1.8.2.jar:1.8.2]
	at org.junit.platform.engine.support.hierarchical.HierarchicalTestEngine.execute(HierarchicalTestEngine.java:54) ~[junit-platform-engine-1.8.2.jar:1.8.2]
	at org.junit.platform.launcher.core.EngineExecutionOrchestrator.execute(EngineExecutionOrchestrator.java:108) ~[na:na]
	at org.junit.platform.launcher.core.EngineExecutionOrchestrator.execute(EngineExecutionOrchestrator.java:88) ~[na:na]
	at org.junit.platform.launcher.core.EngineExecutionOrchestrator.lambda$execute$0(EngineExecutionOrchestrator.java:54) ~[na:na]
	at org.junit.platform.launcher.core.EngineExecutionOrchestrator.withInterceptedStreams(EngineExecutionOrchestrator.java:67) ~[na:na]
	at org.junit.platform.launcher.core.EngineExecutionOrchestrator.execute(EngineExecutionOrchestrator.java:52) ~[na:na]
	at org.junit.platform.launcher.core.DefaultLauncher.execute(DefaultLauncher.java:96) ~[na:na]
	at org.junit.platform.launcher.core.DefaultLauncher.execute(DefaultLauncher.java:75) ~[na:na]
	at org.gradle.api.internal.tasks.testing.junitplatform.JUnitPlatformTestClassProcessor$CollectAllTestClassesExecutor.processAllTestClasses(JUnitPlatformTestClassProcessor.java:99) ~[na:na]
	at org.gradle.api.internal.tasks.testing.junitplatform.JUnitPlatformTestClassProcessor$CollectAllTestClassesExecutor.access$000(JUnitPlatformTestClassProcessor.java:79) ~[na:na]
	at org.gradle.api.internal.tasks.testing.junitplatform.JUnitPlatformTestClassProcessor.stop(JUnitPlatformTestClassProcessor.java:75) ~[na:na]
	at org.gradle.api.internal.tasks.testing.SuiteTestClassProcessor.stop(SuiteTestClassProcessor.java:61) ~[na:na]
	at java.base/jdk.internal.reflect.NativeMethodAccessorImpl.invoke0(Native Method) ~[na:na]
	at java.base/jdk.internal.reflect.NativeMethodAccessorImpl.invoke(NativeMethodAccessorImpl.java:78) ~[na:na]
	at java.base/jdk.internal.reflect.DelegatingMethodAccessorImpl.invoke(DelegatingMethodAccessorImpl.java:43) ~[na:na]
	at java.base/java.lang.reflect.Method.invoke(Method.java:567) ~[na:na]
	at org.gradle.internal.dispatch.ReflectionDispatch.dispatch(ReflectionDispatch.java:36) ~[na:na]
	at org.gradle.internal.dispatch.ReflectionDispatch.dispatch(ReflectionDispatch.java:24) ~[na:na]
	at org.gradle.internal.dispatch.ContextClassLoaderDispatch.dispatch(ContextClassLoaderDispatch.java:33) ~[na:na]
	at org.gradle.internal.dispatch.ProxyDispatchAdapter$DispatchingInvocationHandler.invoke(ProxyDispatchAdapter.java:94) ~[na:na]
	at jdk.proxy1/jdk.proxy1.$Proxy2.stop(Unknown Source) ~[na:na]
	at org.gradle.api.internal.tasks.testing.worker.TestWorker$3.run(TestWorker.java:193) ~[na:na]
	at org.gradle.api.internal.tasks.testing.worker.TestWorker.executeAndMaintainThreadName(TestWorker.java:129) ~[na:na]
	at org.gradle.api.internal.tasks.testing.worker.TestWorker.execute(TestWorker.java:100) ~[na:na]
	at org.gradle.api.internal.tasks.testing.worker.TestWorker.execute(TestWorker.java:60) ~[na:na]
	at org.gradle.process.internal.worker.child.ActionExecutionWorker.execute(ActionExecutionWorker.java:56) ~[na:na]
	at org.gradle.process.internal.worker.child.SystemApplicationClassLoaderWorker.call(SystemApplicationClassLoaderWorker.java:133) ~[na:na]
	at org.gradle.process.internal.worker.child.SystemApplicationClassLoaderWorker.call(SystemApplicationClassLoaderWorker.java:71) ~[na:na]
	at worker.org.gradle.process.internal.worker.GradleWorkerMain.run(GradleWorkerMain.java:69) ~[gradle-worker.jar:na]
	at worker.org.gradle.process.internal.worker.GradleWorkerMain.main(GradleWorkerMain.java:74) ~[gradle-worker.jar:na]
Caused by: java.lang.RuntimeException: Could not find {
  &quot;openapi&quot;: &quot;3.0.1&quot;,
  &quot;info&quot;: {
    &quot;title&quot;: &quot;OpenAPI definition&quot;,
    &quot;version&quot;: &quot;v0&quot;
  },
  &quot;servers&quot;: [
    {
      &quot;url&quot;: &quot;http://localhost:8080&quot;,
      &quot;description&quot;: &quot;Generated server url&quot;
    }
  ],
  &quot;paths&quot;: {
    &quot;/products&quot;: {
      &quot;get&quot;: {
        &quot;tags&quot;: [
          &quot;product-controller&quot;
        ],
        &quot;operationId&quot;: &quot;getAllProducts&quot;,
        &quot;responses&quot;: {
          &quot;200&quot;: {
            &quot;description&quot;: &quot;OK&quot;,
            &quot;content&quot;: {
              &quot;application/json&quot;: {
                &quot;schema&quot;: {
                  &quot;type&quot;: &quot;array&quot;,
                  &quot;items&quot;: {
                    &quot;$ref&quot;: &quot;#/components/schemas/Product&quot;
                  }
                },
                &quot;examples&quot;: {
                  &quot;exists&quot;: {
                    &quot;value&quot;: [
                      {
                        &quot;id&quot;: &quot;9&quot;,
                        &quot;type&quot;: &quot;CREDIT_CARD&quot;,
                        &quot;name&quot;: &quot;GEM Visa&quot;,
                        &quot;version&quot;: &quot;v2&quot;
                      },
                      {
                        &quot;id&quot;: &quot;10&quot;,
                        &quot;type&quot;: &quot;CREDIT_CARD&quot;,
                        &quot;name&quot;: &quot;28 Degrees&quot;,
                        &quot;version&quot;: &quot;v1&quot;
                      }
                    ]
                  },
                  &quot;notExists&quot;: {
                    &quot;value&quot;: []
                  }
                }
              }
            }
          },
          &quot;401&quot;: {
            &quot;$ref&quot;: &quot;#/components/responses/UnauthorizedError&quot;
          }
        }
      }
    },
    &quot;/product/{id}&quot;: {
      &quot;get&quot;: {
        &quot;tags&quot;: [
          &quot;product-controller&quot;
        ],
        &quot;operationId&quot;: &quot;getProductById&quot;,
        &quot;parameters&quot;: [
          {
            &quot;name&quot;: &quot;id&quot;,
            &quot;in&quot;: &quot;path&quot;,
            &quot;required&quot;: true,
            &quot;schema&quot;: {
              &quot;type&quot;: &quot;string&quot;
            }
          }
        ],
        &quot;responses&quot;: {
          &quot;200&quot;: {
            &quot;description&quot;: &quot;OK&quot;,
            &quot;content&quot;: {
              &quot;application/json&quot;: {
                &quot;schema&quot;: {
                  &quot;$ref&quot;: &quot;#/components/schemas/Product&quot;
                },
                &quot;example&quot;: {
                  &quot;id&quot;: &quot;50&quot;,
                  &quot;type&quot;: &quot;CREDIT_CARD&quot;,
                  &quot;name&quot;: &quot;28 Degrees&quot;,
                  &quot;version&quot;: &quot;v1&quot;
                }
              }
            }
          },
          &quot;401&quot;: {
            &quot;$ref&quot;: &quot;#/components/responses/UnauthorizedError&quot;
          },
          &quot;404&quot;: {
            &quot;description&quot;: &quot;Product not found&quot;,
            &quot;content&quot;: {}
          }
        }
      }
    }
  },
  &quot;components&quot;: {
    &quot;responses&quot;: {
      &quot;UnauthorizedError&quot;: {
        &quot;description&quot;: &quot;Access token is missing or invalid&quot;
      }
    },
    &quot;schemas&quot;: {
      &quot;Product&quot;: {
        &quot;type&quot;: &quot;object&quot;,
        &quot;properties&quot;: {
          &quot;id&quot;: {
            &quot;type&quot;: &quot;string&quot;
          },
          &quot;type&quot;: {
            &quot;type&quot;: &quot;string&quot;
          },
          &quot;name&quot;: {
            &quot;type&quot;: &quot;string&quot;
          },
          &quot;version&quot;: {
            &quot;type&quot;: &quot;string&quot;
          }
        }
      }
    },
    &quot;securitySchemes&quot;: {
      &quot;bearerAuth&quot;: {
        &quot;type&quot;: &quot;http&quot;,
        &quot;scheme&quot;: &quot;bearer&quot;,
        &quot;bearerFormat&quot;: &quot;Bearer (19|20)//d//d-(0[1-9]|1[012])-(0[1-9]|[12][0-9]|3[01])T([01][1-9]|2[0123]):[0-5][0-9]&quot;
      }
    }
  },
  &quot;security&quot;: [
    {
      &quot;bearerAuth&quot;: []
    }
  ]
}
 on the classpath
	at io.swagger.v3.parser.util.ClasspathHelper.loadFileFromClasspath(ClasspathHelper.java:31) ~[swagger-parser-v3-2.0.28.jar:2.0.28]
	at io.swagger.v3.parser.OpenAPIV3Parser.readContentFromLocation(OpenAPIV3Parser.java:229) ~[swagger-parser-v3-2.0.28.jar:2.0.28]
	... 90 common frames omitted

2022-08-05 12:32:01.188 ERROR 28719 --- [    Test worker] i.swagger.parser.SwaggerCompatConverter  : failed to read resource listing

java.lang.RuntimeException: Could not find {
  &quot;openapi&quot;: &quot;3.0.1&quot;,
  &quot;info&quot;: {
    &quot;title&quot;: &quot;OpenAPI definition&quot;,
    &quot;version&quot;: &quot;v0&quot;
  },
  &quot;servers&quot;: [
    {
      &quot;url&quot;: &quot;http://localhost:8080&quot;,
      &quot;description&quot;: &quot;Generated server url&quot;
    }
  ],
  &quot;paths&quot;: {
    &quot;/products&quot;: {
      &quot;get&quot;: {
        &quot;tags&quot;: [
          &quot;product-controller&quot;
        ],
        &quot;operationId&quot;: &quot;getAllProducts&quot;,
        &quot;responses&quot;: {
          &quot;200&quot;: {
            &quot;description&quot;: &quot;OK&quot;,
            &quot;content&quot;: {
              &quot;application/json&quot;: {
                &quot;schema&quot;: {
                  &quot;type&quot;: &quot;array&quot;,
                  &quot;items&quot;: {
                    &quot;$ref&quot;: &quot;#/components/schemas/Product&quot;
                  }
                },
                &quot;examples&quot;: {
                  &quot;exists&quot;: {
                    &quot;value&quot;: [
                      {
                        &quot;id&quot;: &quot;9&quot;,
                        &quot;type&quot;: &quot;CREDIT_CARD&quot;,
                        &quot;name&quot;: &quot;GEM Visa&quot;,
                        &quot;version&quot;: &quot;v2&quot;
                      },
                      {
                        &quot;id&quot;: &quot;10&quot;,
                        &quot;type&quot;: &quot;CREDIT_CARD&quot;,
                        &quot;name&quot;: &quot;28 Degrees&quot;,
                        &quot;version&quot;: &quot;v1&quot;
                      }
                    ]
                  },
                  &quot;notExists&quot;: {
                    &quot;value&quot;: []
                  }
                }
              }
            }
          },
          &quot;401&quot;: {
            &quot;$ref&quot;: &quot;#/components/responses/UnauthorizedError&quot;
          }
        }
      }
    },
    &quot;/product/{id}&quot;: {
      &quot;get&quot;: {
        &quot;tags&quot;: [
          &quot;product-controller&quot;
        ],
        &quot;operationId&quot;: &quot;getProductById&quot;,
        &quot;parameters&quot;: [
          {
            &quot;name&quot;: &quot;id&quot;,
            &quot;in&quot;: &quot;path&quot;,
            &quot;required&quot;: true,
            &quot;schema&quot;: {
              &quot;type&quot;: &quot;string&quot;
            }
          }
        ],
        &quot;responses&quot;: {
          &quot;200&quot;: {
            &quot;description&quot;: &quot;OK&quot;,
            &quot;content&quot;: {
              &quot;application/json&quot;: {
                &quot;schema&quot;: {
                  &quot;$ref&quot;: &quot;#/components/schemas/Product&quot;
                },
                &quot;example&quot;: {
                  &quot;id&quot;: &quot;50&quot;,
                  &quot;type&quot;: &quot;CREDIT_CARD&quot;,
                  &quot;name&quot;: &quot;28 Degrees&quot;,
                  &quot;version&quot;: &quot;v1&quot;
                }
              }
            }
          },
          &quot;401&quot;: {
            &quot;$ref&quot;: &quot;#/components/responses/UnauthorizedError&quot;
          },
          &quot;404&quot;: {
            &quot;description&quot;: &quot;Product not found&quot;,
            &quot;content&quot;: {}
          }
        }
      }
    }
  },
  &quot;components&quot;: {
    &quot;responses&quot;: {
      &quot;UnauthorizedError&quot;: {
        &quot;description&quot;: &quot;Access token is missing or invalid&quot;
      }
    },
    &quot;schemas&quot;: {
      &quot;Product&quot;: {
        &quot;type&quot;: &quot;object&quot;,
        &quot;properties&quot;: {
          &quot;id&quot;: {
            &quot;type&quot;: &quot;string&quot;
          },
          &quot;type&quot;: {
            &quot;type&quot;: &quot;string&quot;
          },
          &quot;name&quot;: {
            &quot;type&quot;: &quot;string&quot;
          },
          &quot;version&quot;: {
            &quot;type&quot;: &quot;string&quot;
          }
        }
      }
    },
    &quot;securitySchemes&quot;: {
      &quot;bearerAuth&quot;: {
        &quot;type&quot;: &quot;http&quot;,
        &quot;scheme&quot;: &quot;bearer&quot;,
        &quot;bearerFormat&quot;: &quot;Bearer (19|20)//d//d-(0[1-9]|1[012])-(0[1-9]|[12][0-9]|3[01])T([01][1-9]|2[0123]):[0-5][0-9]&quot;
      }
    }
  },
  &quot;security&quot;: [
    {
      &quot;bearerAuth&quot;: []
    }
  ]
}
 on the classpath
	at io.swagger.parser.util.ClasspathHelper.loadFileFromClasspath(ClasspathHelper.java:31) ~[swagger-parser-1.0.56.jar:1.0.56]
	at io.swagger.parser.SwaggerCompatConverter.readResourceListing(SwaggerCompatConverter.java:206) ~[swagger-compat-spec-parser-1.0.56.jar:2.0.28]
	at io.swagger.parser.SwaggerCompatConverter.read(SwaggerCompatConverter.java:122) ~[swagger-compat-spec-parser-1.0.56.jar:2.0.28]
	at io.swagger.parser.SwaggerCompatConverter.readWithInfo(SwaggerCompatConverter.java:93) ~[swagger-compat-spec-parser-1.0.56.jar:2.0.28]
	at io.swagger.parser.SwaggerParser.readWithInfo(SwaggerParser.java:44) ~[swagger-parser-1.0.56.jar:2.0.28]
	at io.swagger.v3.parser.converter.SwaggerConverter.readLocation(SwaggerConverter.java:89) ~[swagger-parser-v2-converter-2.0.28.jar:2.0.28]
	at io.swagger.parser.OpenAPIParser.readLocation(OpenAPIParser.java:16) ~[swagger-parser-2.0.28.jar:2.0.28]
	at com.atlassian.oai.validator.util.OpenApiLoader.readSwaggerParserResult(OpenApiLoader.java:79) ~[swagger-request-validator-core-2.28.2.jar:na]
	at com.atlassian.oai.validator.util.OpenApiLoader.loadApi(OpenApiLoader.java:48) ~[swagger-request-validator-core-2.28.2.jar:na]
	at com.atlassian.oai.validator.OpenApiInteractionValidator$Builder.build(OpenApiInteractionValidator.java:622) ~[swagger-request-validator-core-2.28.2.jar:na]
	at com.atlassian.oai.validator.mockmvc.OpenApiMatchers.isValid(OpenApiMatchers.java:42) ~[swagger-request-validator-mockmvc-2.28.2.jar:na]
	at au.com.dius.pactworkshop.provider.ProductOpenAPIMockServerProviderTest.isValidProductListRequest(ProductOpenAPIMockServerProviderTest.java:33) ~[test/:na]
	at java.base/jdk.internal.reflect.NativeMethodAccessorImpl.invoke0(Native Method) ~[na:na]
	at java.base/jdk.internal.reflect.NativeMethodAccessorImpl.invoke(NativeMethodAccessorImpl.java:78) ~[na:na]
	at java.base/jdk.internal.reflect.DelegatingMethodAccessorImpl.invoke(DelegatingMethodAccessorImpl.java:43) ~[na:na]
	at java.base/java.lang.reflect.Method.invoke(Method.java:567) ~[na:na]
	at org.junit.platform.commons.util.ReflectionUtils.invokeMethod(ReflectionUtils.java:725) ~[junit-platform-commons-1.8.2.jar:1.8.2]
	at org.junit.jupiter.engine.execution.MethodInvocation.proceed(MethodInvocation.java:60) ~[junit-jupiter-engine-5.8.2.jar:5.8.2]
	at org.junit.jupiter.engine.execution.InvocationInterceptorChain$ValidatingInvocation.proceed(InvocationInterceptorChain.java:131) ~[junit-jupiter-engine-5.8.2.jar:5.8.2]
	at org.junit.jupiter.engine.extension.TimeoutExtension.intercept(TimeoutExtension.java:149) ~[junit-jupiter-engine-5.8.2.jar:5.8.2]
	at org.junit.jupiter.engine.extension.TimeoutExtension.interceptTestableMethod(TimeoutExtension.java:140) ~[junit-jupiter-engine-5.8.2.jar:5.8.2]
	at org.junit.jupiter.engine.extension.TimeoutExtension.interceptTestMethod(TimeoutExtension.java:84) ~[junit-jupiter-engine-5.8.2.jar:5.8.2]
	at org.junit.jupiter.engine.execution.ExecutableInvoker$ReflectiveInterceptorCall.lambda$ofVoidMethod$0(ExecutableInvoker.java:115) ~[junit-jupiter-engine-5.8.2.jar:5.8.2]
	at org.junit.jupiter.engine.execution.ExecutableInvoker.lambda$invoke$0(ExecutableInvoker.java:105) ~[junit-jupiter-engine-5.8.2.jar:5.8.2]
	at org.junit.jupiter.engine.execution.InvocationInterceptorChain$InterceptedInvocation.proceed(InvocationInterceptorChain.java:106) ~[junit-jupiter-engine-5.8.2.jar:5.8.2]
	at org.junit.jupiter.engine.execution.InvocationInterceptorChain.proceed(InvocationInterceptorChain.java:64) ~[junit-jupiter-engine-5.8.2.jar:5.8.2]
	at org.junit.jupiter.engine.execution.InvocationInterceptorChain.chainAndInvoke(InvocationInterceptorChain.java:45) ~[junit-jupiter-engine-5.8.2.jar:5.8.2]
	at org.junit.jupiter.engine.execution.InvocationInterceptorChain.invoke(InvocationInterceptorChain.java:37) ~[junit-jupiter-engine-5.8.2.jar:5.8.2]
	at org.junit.jupiter.engine.execution.ExecutableInvoker.invoke(ExecutableInvoker.java:104) ~[junit-jupiter-engine-5.8.2.jar:5.8.2]
	at org.junit.jupiter.engine.execution.ExecutableInvoker.invoke(ExecutableInvoker.java:98) ~[junit-jupiter-engine-5.8.2.jar:5.8.2]
	at org.junit.jupiter.engine.descriptor.TestMethodTestDescriptor.lambda$invokeTestMethod$7(TestMethodTestDescriptor.java:214) ~[junit-jupiter-engine-5.8.2.jar:5.8.2]
	at org.junit.platform.engine.support.hierarchical.ThrowableCollector.execute(ThrowableCollector.java:73) ~[junit-platform-engine-1.8.2.jar:1.8.2]
	at org.junit.jupiter.engine.descriptor.TestMethodTestDescriptor.invokeTestMethod(TestMethodTestDescriptor.java:210) ~[junit-jupiter-engine-5.8.2.jar:5.8.2]
	at org.junit.jupiter.engine.descriptor.TestMethodTestDescriptor.execute(TestMethodTestDescriptor.java:135) ~[junit-jupiter-engine-5.8.2.jar:5.8.2]
	at org.junit.jupiter.engine.descriptor.TestMethodTestDescriptor.execute(TestMethodTestDescriptor.java:66) ~[junit-jupiter-engine-5.8.2.jar:5.8.2]
	at org.junit.platform.engine.support.hierarchical.NodeTestTask.lambda$executeRecursively$6(NodeTestTask.java:151) ~[junit-platform-engine-1.8.2.jar:1.8.2]
	at org.junit.platform.engine.support.hierarchical.ThrowableCollector.execute(ThrowableCollector.java:73) ~[junit-platform-engine-1.8.2.jar:1.8.2]
	at org.junit.platform.engine.support.hierarchical.NodeTestTask.lambda$executeRecursively$8(NodeTestTask.java:141) ~[junit-platform-engine-1.8.2.jar:1.8.2]
	at org.junit.platform.engine.support.hierarchical.Node.around(Node.java:137) ~[junit-platform-engine-1.8.2.jar:1.8.2]
	at org.junit.platform.engine.support.hierarchical.NodeTestTask.lambda$executeRecursively$9(NodeTestTask.java:139) ~[junit-platform-engine-1.8.2.jar:1.8.2]
	at org.junit.platform.engine.support.hierarchical.ThrowableCollector.execute(ThrowableCollector.java:73) ~[junit-platform-engine-1.8.2.jar:1.8.2]
	at org.junit.platform.engine.support.hierarchical.NodeTestTask.executeRecursively(NodeTestTask.java:138) ~[junit-platform-engine-1.8.2.jar:1.8.2]
	at org.junit.platform.engine.support.hierarchical.NodeTestTask.execute(NodeTestTask.java:95) ~[junit-platform-engine-1.8.2.jar:1.8.2]
	at java.base/java.util.ArrayList.forEach(ArrayList.java:1511) ~[na:na]
	at org.junit.platform.engine.support.hierarchical.SameThreadHierarchicalTestExecutorService.invokeAll(SameThreadHierarchicalTestExecutorService.java:41) ~[junit-platform-engine-1.8.2.jar:1.8.2]
	at org.junit.platform.engine.support.hierarchical.NodeTestTask.lambda$executeRecursively$6(NodeTestTask.java:155) ~[junit-platform-engine-1.8.2.jar:1.8.2]
	at org.junit.platform.engine.support.hierarchical.ThrowableCollector.execute(ThrowableCollector.java:73) ~[junit-platform-engine-1.8.2.jar:1.8.2]
	at org.junit.platform.engine.support.hierarchical.NodeTestTask.lambda$executeRecursively$8(NodeTestTask.java:141) ~[junit-platform-engine-1.8.2.jar:1.8.2]
	at org.junit.platform.engine.support.hierarchical.Node.around(Node.java:137) ~[junit-platform-engine-1.8.2.jar:1.8.2]
	at org.junit.platform.engine.support.hierarchical.NodeTestTask.lambda$executeRecursively$9(NodeTestTask.java:139) ~[junit-platform-engine-1.8.2.jar:1.8.2]
	at org.junit.platform.engine.support.hierarchical.ThrowableCollector.execute(ThrowableCollector.java:73) ~[junit-platform-engine-1.8.2.jar:1.8.2]
	at org.junit.platform.engine.support.hierarchical.NodeTestTask.executeRecursively(NodeTestTask.java:138) ~[junit-platform-engine-1.8.2.jar:1.8.2]
	at org.junit.platform.engine.support.hierarchical.NodeTestTask.execute(NodeTestTask.java:95) ~[junit-platform-engine-1.8.2.jar:1.8.2]
	at java.base/java.util.ArrayList.forEach(ArrayList.java:1511) ~[na:na]
	at org.junit.platform.engine.support.hierarchical.SameThreadHierarchicalTestExecutorService.invokeAll(SameThreadHierarchicalTestExecutorService.java:41) ~[junit-platform-engine-1.8.2.jar:1.8.2]
	at org.junit.platform.engine.support.hierarchical.NodeTestTask.lambda$executeRecursively$6(NodeTestTask.java:155) ~[junit-platform-engine-1.8.2.jar:1.8.2]
	at org.junit.platform.engine.support.hierarchical.ThrowableCollector.execute(ThrowableCollector.java:73) ~[junit-platform-engine-1.8.2.jar:1.8.2]
	at org.junit.platform.engine.support.hierarchical.NodeTestTask.lambda$executeRecursively$8(NodeTestTask.java:141) ~[junit-platform-engine-1.8.2.jar:1.8.2]
	at org.junit.platform.engine.support.hierarchical.Node.around(Node.java:137) ~[junit-platform-engine-1.8.2.jar:1.8.2]
	at org.junit.platform.engine.support.hierarchical.NodeTestTask.lambda$executeRecursively$9(NodeTestTask.java:139) ~[junit-platform-engine-1.8.2.jar:1.8.2]
	at org.junit.platform.engine.support.hierarchical.ThrowableCollector.execute(ThrowableCollector.java:73) ~[junit-platform-engine-1.8.2.jar:1.8.2]
	at org.junit.platform.engine.support.hierarchical.NodeTestTask.executeRecursively(NodeTestTask.java:138) ~[junit-platform-engine-1.8.2.jar:1.8.2]
	at org.junit.platform.engine.support.hierarchical.NodeTestTask.execute(NodeTestTask.java:95) ~[junit-platform-engine-1.8.2.jar:1.8.2]
	at org.junit.platform.engine.support.hierarchical.SameThreadHierarchicalTestExecutorService.submit(SameThreadHierarchicalTestExecutorService.java:35) ~[junit-platform-engine-1.8.2.jar:1.8.2]
	at org.junit.platform.engine.support.hierarchical.HierarchicalTestExecutor.execute(HierarchicalTestExecutor.java:57) ~[junit-platform-engine-1.8.2.jar:1.8.2]
	at org.junit.platform.engine.support.hierarchical.HierarchicalTestEngine.execute(HierarchicalTestEngine.java:54) ~[junit-platform-engine-1.8.2.jar:1.8.2]
	at org.junit.platform.launcher.core.EngineExecutionOrchestrator.execute(EngineExecutionOrchestrator.java:108) ~[na:na]
	at org.junit.platform.launcher.core.EngineExecutionOrchestrator.execute(EngineExecutionOrchestrator.java:88) ~[na:na]
	at org.junit.platform.launcher.core.EngineExecutionOrchestrator.lambda$execute$0(EngineExecutionOrchestrator.java:54) ~[na:na]
	at org.junit.platform.launcher.core.EngineExecutionOrchestrator.withInterceptedStreams(EngineExecutionOrchestrator.java:67) ~[na:na]
	at org.junit.platform.launcher.core.EngineExecutionOrchestrator.execute(EngineExecutionOrchestrator.java:52) ~[na:na]
	at org.junit.platform.launcher.core.DefaultLauncher.execute(DefaultLauncher.java:96) ~[na:na]
	at org.junit.platform.launcher.core.DefaultLauncher.execute(DefaultLauncher.java:75) ~[na:na]
	at org.gradle.api.internal.tasks.testing.junitplatform.JUnitPlatformTestClassProcessor$CollectAllTestClassesExecutor.processAllTestClasses(JUnitPlatformTestClassProcessor.java:99) ~[na:na]
	at org.gradle.api.internal.tasks.testing.junitplatform.JUnitPlatformTestClassProcessor$CollectAllTestClassesExecutor.access$000(JUnitPlatformTestClassProcessor.java:79) ~[na:na]
	at org.gradle.api.internal.tasks.testing.junitplatform.JUnitPlatformTestClassProcessor.stop(JUnitPlatformTestClassProcessor.java:75) ~[na:na]
	at org.gradle.api.internal.tasks.testing.SuiteTestClassProcessor.stop(SuiteTestClassProcessor.java:61) ~[na:na]
	at java.base/jdk.internal.reflect.NativeMethodAccessorImpl.invoke0(Native Method) ~[na:na]
	at java.base/jdk.internal.reflect.NativeMethodAccessorImpl.invoke(NativeMethodAccessorImpl.java:78) ~[na:na]
	at java.base/jdk.internal.reflect.DelegatingMethodAccessorImpl.invoke(DelegatingMethodAccessorImpl.java:43) ~[na:na]
	at java.base/java.lang.reflect.Method.invoke(Method.java:567) ~[na:na]
	at org.gradle.internal.dispatch.ReflectionDispatch.dispatch(ReflectionDispatch.java:36) ~[na:na]
	at org.gradle.internal.dispatch.ReflectionDispatch.dispatch(ReflectionDispatch.java:24) ~[na:na]
	at org.gradle.internal.dispatch.ContextClassLoaderDispatch.dispatch(ContextClassLoaderDispatch.java:33) ~[na:na]
	at org.gradle.internal.dispatch.ProxyDispatchAdapter$DispatchingInvocationHandler.invoke(ProxyDispatchAdapter.java:94) ~[na:na]
	at jdk.proxy1/jdk.proxy1.$Proxy2.stop(Unknown Source) ~[na:na]
	at org.gradle.api.internal.tasks.testing.worker.TestWorker$3.run(TestWorker.java:193) ~[na:na]
	at org.gradle.api.internal.tasks.testing.worker.TestWorker.executeAndMaintainThreadName(TestWorker.java:129) ~[na:na]
	at org.gradle.api.internal.tasks.testing.worker.TestWorker.execute(TestWorker.java:100) ~[na:na]
	at org.gradle.api.internal.tasks.testing.worker.TestWorker.execute(TestWorker.java:60) ~[na:na]
	at org.gradle.process.internal.worker.child.ActionExecutionWorker.execute(ActionExecutionWorker.java:56) ~[na:na]
	at org.gradle.process.internal.worker.child.SystemApplicationClassLoaderWorker.call(SystemApplicationClassLoaderWorker.java:133) ~[na:na]
	at org.gradle.process.internal.worker.child.SystemApplicationClassLoaderWorker.call(SystemApplicationClassLoaderWorker.java:71) ~[na:na]
	at worker.org.gradle.process.internal.worker.GradleWorkerMain.run(GradleWorkerMain.java:69) ~[gradle-worker.jar:na]
	at worker.org.gradle.process.internal.worker.GradleWorkerMain.main(GradleWorkerMain.java:74) ~[gradle-worker.jar:na]

2022-08-05 12:32:01.220  INFO 28719 --- [    Test worker] o.s.mock.web.MockServletContext          : Initializing Spring TestDispatcherServlet ''
2022-08-05 12:32:01.221  INFO 28719 --- [    Test worker] o.s.t.web.servlet.TestDispatcherServlet  : Initializing Servlet ''
2022-08-05 12:32:01.221  INFO 28719 --- [    Test worker] o.s.t.web.servlet.TestDispatcherServlet  : Completed initialization in 0 ms
2022-08-05 12:32:01.230  WARN 28719 --- [    Test worker] io.swagger.v3.parser.OpenAPIV3Parser     : Exception while reading:

io.swagger.v3.parser.exception.ReadContentException: Unable to read location `{
  &quot;openapi&quot;: &quot;3.0.1&quot;,
  &quot;info&quot;: {
    &quot;title&quot;: &quot;OpenAPI definition&quot;,
    &quot;version&quot;: &quot;v0&quot;
  },
  &quot;servers&quot;: [
    {
      &quot;url&quot;: &quot;http://localhost:8080&quot;,
      &quot;description&quot;: &quot;Generated server url&quot;
    }
  ],
  &quot;paths&quot;: {
    &quot;/products&quot;: {
      &quot;get&quot;: {
        &quot;tags&quot;: [
          &quot;product-controller&quot;
        ],
        &quot;operationId&quot;: &quot;getAllProducts&quot;,
        &quot;responses&quot;: {
          &quot;200&quot;: {
            &quot;description&quot;: &quot;OK&quot;,
            &quot;content&quot;: {
              &quot;application/json&quot;: {
                &quot;schema&quot;: {
                  &quot;type&quot;: &quot;array&quot;,
                  &quot;items&quot;: {
                    &quot;$ref&quot;: &quot;#/components/schemas/Product&quot;
                  }
                },
                &quot;examples&quot;: {
                  &quot;exists&quot;: {
                    &quot;value&quot;: [
                      {
                        &quot;id&quot;: &quot;9&quot;,
                        &quot;type&quot;: &quot;CREDIT_CARD&quot;,
                        &quot;name&quot;: &quot;GEM Visa&quot;,
                        &quot;version&quot;: &quot;v2&quot;
                      },
                      {
                        &quot;id&quot;: &quot;10&quot;,
                        &quot;type&quot;: &quot;CREDIT_CARD&quot;,
                        &quot;name&quot;: &quot;28 Degrees&quot;,
                        &quot;version&quot;: &quot;v1&quot;
                      }
                    ]
                  },
                  &quot;notExists&quot;: {
                    &quot;value&quot;: []
                  }
                }
              }
            }
          },
          &quot;401&quot;: {
            &quot;$ref&quot;: &quot;#/components/responses/UnauthorizedError&quot;
          }
        }
      }
    },
    &quot;/product/{id}&quot;: {
      &quot;get&quot;: {
        &quot;tags&quot;: [
          &quot;product-controller&quot;
        ],
        &quot;operationId&quot;: &quot;getProductById&quot;,
        &quot;parameters&quot;: [
          {
            &quot;name&quot;: &quot;id&quot;,
            &quot;in&quot;: &quot;path&quot;,
            &quot;required&quot;: true,
            &quot;schema&quot;: {
              &quot;type&quot;: &quot;string&quot;
            }
          }
        ],
        &quot;responses&quot;: {
          &quot;200&quot;: {
            &quot;description&quot;: &quot;OK&quot;,
            &quot;content&quot;: {
              &quot;application/json&quot;: {
                &quot;schema&quot;: {
                  &quot;$ref&quot;: &quot;#/components/schemas/Product&quot;
                },
                &quot;example&quot;: {
                  &quot;id&quot;: &quot;50&quot;,
                  &quot;type&quot;: &quot;CREDIT_CARD&quot;,
                  &quot;name&quot;: &quot;28 Degrees&quot;,
                  &quot;version&quot;: &quot;v1&quot;
                }
              }
            }
          },
          &quot;401&quot;: {
            &quot;$ref&quot;: &quot;#/components/responses/UnauthorizedError&quot;
          },
          &quot;404&quot;: {
            &quot;description&quot;: &quot;Product not found&quot;,
            &quot;content&quot;: {}
          }
        }
      }
    }
  },
  &quot;components&quot;: {
    &quot;responses&quot;: {
      &quot;UnauthorizedError&quot;: {
        &quot;description&quot;: &quot;Access token is missing or invalid&quot;
      }
    },
    &quot;schemas&quot;: {
      &quot;Product&quot;: {
        &quot;type&quot;: &quot;object&quot;,
        &quot;properties&quot;: {
          &quot;id&quot;: {
            &quot;type&quot;: &quot;string&quot;
          },
          &quot;type&quot;: {
            &quot;type&quot;: &quot;string&quot;
          },
          &quot;name&quot;: {
            &quot;type&quot;: &quot;string&quot;
          },
          &quot;version&quot;: {
            &quot;type&quot;: &quot;string&quot;
          }
        }
      }
    },
    &quot;securitySchemes&quot;: {
      &quot;bearerAuth&quot;: {
        &quot;type&quot;: &quot;http&quot;,
        &quot;scheme&quot;: &quot;bearer&quot;,
        &quot;bearerFormat&quot;: &quot;Bearer (19|20)//d//d-(0[1-9]|1[012])-(0[1-9]|[12][0-9]|3[01])T([01][1-9]|2[0123]):[0-5][0-9]&quot;
      }
    }
  },
  &quot;security&quot;: [
    {
      &quot;bearerAuth&quot;: []
    }
  ]
}
`
	at io.swagger.v3.parser.OpenAPIV3Parser.readContentFromLocation(OpenAPIV3Parser.java:238) ~[swagger-parser-v3-2.0.28.jar:2.0.28]
	at io.swagger.v3.parser.OpenAPIV3Parser.readLocation(OpenAPIV3Parser.java:87) ~[swagger-parser-v3-2.0.28.jar:2.0.28]
	at io.swagger.parser.OpenAPIParser.readLocation(OpenAPIParser.java:16) ~[swagger-parser-2.0.28.jar:2.0.28]
	at com.atlassian.oai.validator.util.OpenApiLoader.readSwaggerParserResult(OpenApiLoader.java:79) ~[swagger-request-validator-core-2.28.2.jar:na]
	at com.atlassian.oai.validator.util.OpenApiLoader.loadApi(OpenApiLoader.java:48) ~[swagger-request-validator-core-2.28.2.jar:na]
	at com.atlassian.oai.validator.OpenApiInteractionValidator$Builder.build(OpenApiInteractionValidator.java:622) ~[swagger-request-validator-core-2.28.2.jar:na]
	at com.atlassian.oai.validator.mockmvc.OpenApiMatchers.isValid(OpenApiMatchers.java:42) ~[swagger-request-validator-mockmvc-2.28.2.jar:na]
	at au.com.dius.pactworkshop.provider.ProductOpenAPIMockServerProviderTest.isValidProductRequest(ProductOpenAPIMockServerProviderTest.java:43) ~[test/:na]
	at java.base/jdk.internal.reflect.NativeMethodAccessorImpl.invoke0(Native Method) ~[na:na]
	at java.base/jdk.internal.reflect.NativeMethodAccessorImpl.invoke(NativeMethodAccessorImpl.java:78) ~[na:na]
	at java.base/jdk.internal.reflect.DelegatingMethodAccessorImpl.invoke(DelegatingMethodAccessorImpl.java:43) ~[na:na]
	at java.base/java.lang.reflect.Method.invoke(Method.java:567) ~[na:na]
	at org.junit.platform.commons.util.ReflectionUtils.invokeMethod(ReflectionUtils.java:725) ~[junit-platform-commons-1.8.2.jar:1.8.2]
	at org.junit.jupiter.engine.execution.MethodInvocation.proceed(MethodInvocation.java:60) ~[junit-jupiter-engine-5.8.2.jar:5.8.2]
	at org.junit.jupiter.engine.execution.InvocationInterceptorChain$ValidatingInvocation.proceed(InvocationInterceptorChain.java:131) ~[junit-jupiter-engine-5.8.2.jar:5.8.2]
	at org.junit.jupiter.engine.extension.TimeoutExtension.intercept(TimeoutExtension.java:149) ~[junit-jupiter-engine-5.8.2.jar:5.8.2]
	at org.junit.jupiter.engine.extension.TimeoutExtension.interceptTestableMethod(TimeoutExtension.java:140) ~[junit-jupiter-engine-5.8.2.jar:5.8.2]
	at org.junit.jupiter.engine.extension.TimeoutExtension.interceptTestMethod(TimeoutExtension.java:84) ~[junit-jupiter-engine-5.8.2.jar:5.8.2]
	at org.junit.jupiter.engine.execution.ExecutableInvoker$ReflectiveInterceptorCall.lambda$ofVoidMethod$0(ExecutableInvoker.java:115) ~[junit-jupiter-engine-5.8.2.jar:5.8.2]
	at org.junit.jupiter.engine.execution.ExecutableInvoker.lambda$invoke$0(ExecutableInvoker.java:105) ~[junit-jupiter-engine-5.8.2.jar:5.8.2]
	at org.junit.jupiter.engine.execution.InvocationInterceptorChain$InterceptedInvocation.proceed(InvocationInterceptorChain.java:106) ~[junit-jupiter-engine-5.8.2.jar:5.8.2]
	at org.junit.jupiter.engine.execution.InvocationInterceptorChain.proceed(InvocationInterceptorChain.java:64) ~[junit-jupiter-engine-5.8.2.jar:5.8.2]
	at org.junit.jupiter.engine.execution.InvocationInterceptorChain.chainAndInvoke(InvocationInterceptorChain.java:45) ~[junit-jupiter-engine-5.8.2.jar:5.8.2]
	at org.junit.jupiter.engine.execution.InvocationInterceptorChain.invoke(InvocationInterceptorChain.java:37) ~[junit-jupiter-engine-5.8.2.jar:5.8.2]
	at org.junit.jupiter.engine.execution.ExecutableInvoker.invoke(ExecutableInvoker.java:104) ~[junit-jupiter-engine-5.8.2.jar:5.8.2]
	at org.junit.jupiter.engine.execution.ExecutableInvoker.invoke(ExecutableInvoker.java:98) ~[junit-jupiter-engine-5.8.2.jar:5.8.2]
	at org.junit.jupiter.engine.descriptor.TestMethodTestDescriptor.lambda$invokeTestMethod$7(TestMethodTestDescriptor.java:214) ~[junit-jupiter-engine-5.8.2.jar:5.8.2]
	at org.junit.platform.engine.support.hierarchical.ThrowableCollector.execute(ThrowableCollector.java:73) ~[junit-platform-engine-1.8.2.jar:1.8.2]
	at org.junit.jupiter.engine.descriptor.TestMethodTestDescriptor.invokeTestMethod(TestMethodTestDescriptor.java:210) ~[junit-jupiter-engine-5.8.2.jar:5.8.2]
	at org.junit.jupiter.engine.descriptor.TestMethodTestDescriptor.execute(TestMethodTestDescriptor.java:135) ~[junit-jupiter-engine-5.8.2.jar:5.8.2]
	at org.junit.jupiter.engine.descriptor.TestMethodTestDescriptor.execute(TestMethodTestDescriptor.java:66) ~[junit-jupiter-engine-5.8.2.jar:5.8.2]
	at org.junit.platform.engine.support.hierarchical.NodeTestTask.lambda$executeRecursively$6(NodeTestTask.java:151) ~[junit-platform-engine-1.8.2.jar:1.8.2]
	at org.junit.platform.engine.support.hierarchical.ThrowableCollector.execute(ThrowableCollector.java:73) ~[junit-platform-engine-1.8.2.jar:1.8.2]
	at org.junit.platform.engine.support.hierarchical.NodeTestTask.lambda$executeRecursively$8(NodeTestTask.java:141) ~[junit-platform-engine-1.8.2.jar:1.8.2]
	at org.junit.platform.engine.support.hierarchical.Node.around(Node.java:137) ~[junit-platform-engine-1.8.2.jar:1.8.2]
	at org.junit.platform.engine.support.hierarchical.NodeTestTask.lambda$executeRecursively$9(NodeTestTask.java:139) ~[junit-platform-engine-1.8.2.jar:1.8.2]
	at org.junit.platform.engine.support.hierarchical.ThrowableCollector.execute(ThrowableCollector.java:73) ~[junit-platform-engine-1.8.2.jar:1.8.2]
	at org.junit.platform.engine.support.hierarchical.NodeTestTask.executeRecursively(NodeTestTask.java:138) ~[junit-platform-engine-1.8.2.jar:1.8.2]
	at org.junit.platform.engine.support.hierarchical.NodeTestTask.execute(NodeTestTask.java:95) ~[junit-platform-engine-1.8.2.jar:1.8.2]
	at java.base/java.util.ArrayList.forEach(ArrayList.java:1511) ~[na:na]
	at org.junit.platform.engine.support.hierarchical.SameThreadHierarchicalTestExecutorService.invokeAll(SameThreadHierarchicalTestExecutorService.java:41) ~[junit-platform-engine-1.8.2.jar:1.8.2]
	at org.junit.platform.engine.support.hierarchical.NodeTestTask.lambda$executeRecursively$6(NodeTestTask.java:155) ~[junit-platform-engine-1.8.2.jar:1.8.2]
	at org.junit.platform.engine.support.hierarchical.ThrowableCollector.execute(ThrowableCollector.java:73) ~[junit-platform-engine-1.8.2.jar:1.8.2]
	at org.junit.platform.engine.support.hierarchical.NodeTestTask.lambda$executeRecursively$8(NodeTestTask.java:141) ~[junit-platform-engine-1.8.2.jar:1.8.2]
	at org.junit.platform.engine.support.hierarchical.Node.around(Node.java:137) ~[junit-platform-engine-1.8.2.jar:1.8.2]
	at org.junit.platform.engine.support.hierarchical.NodeTestTask.lambda$executeRecursively$9(NodeTestTask.java:139) ~[junit-platform-engine-1.8.2.jar:1.8.2]
	at org.junit.platform.engine.support.hierarchical.ThrowableCollector.execute(ThrowableCollector.java:73) ~[junit-platform-engine-1.8.2.jar:1.8.2]
	at org.junit.platform.engine.support.hierarchical.NodeTestTask.executeRecursively(NodeTestTask.java:138) ~[junit-platform-engine-1.8.2.jar:1.8.2]
	at org.junit.platform.engine.support.hierarchical.NodeTestTask.execute(NodeTestTask.java:95) ~[junit-platform-engine-1.8.2.jar:1.8.2]
	at java.base/java.util.ArrayList.forEach(ArrayList.java:1511) ~[na:na]
	at org.junit.platform.engine.support.hierarchical.SameThreadHierarchicalTestExecutorService.invokeAll(SameThreadHierarchicalTestExecutorService.java:41) ~[junit-platform-engine-1.8.2.jar:1.8.2]
	at org.junit.platform.engine.support.hierarchical.NodeTestTask.lambda$executeRecursively$6(NodeTestTask.java:155) ~[junit-platform-engine-1.8.2.jar:1.8.2]
	at org.junit.platform.engine.support.hierarchical.ThrowableCollector.execute(ThrowableCollector.java:73) ~[junit-platform-engine-1.8.2.jar:1.8.2]
	at org.junit.platform.engine.support.hierarchical.NodeTestTask.lambda$executeRecursively$8(NodeTestTask.java:141) ~[junit-platform-engine-1.8.2.jar:1.8.2]
	at org.junit.platform.engine.support.hierarchical.Node.around(Node.java:137) ~[junit-platform-engine-1.8.2.jar:1.8.2]
	at org.junit.platform.engine.support.hierarchical.NodeTestTask.lambda$executeRecursively$9(NodeTestTask.java:139) ~[junit-platform-engine-1.8.2.jar:1.8.2]
	at org.junit.platform.engine.support.hierarchical.ThrowableCollector.execute(ThrowableCollector.java:73) ~[junit-platform-engine-1.8.2.jar:1.8.2]
	at org.junit.platform.engine.support.hierarchical.NodeTestTask.executeRecursively(NodeTestTask.java:138) ~[junit-platform-engine-1.8.2.jar:1.8.2]
	at org.junit.platform.engine.support.hierarchical.NodeTestTask.execute(NodeTestTask.java:95) ~[junit-platform-engine-1.8.2.jar:1.8.2]
	at org.junit.platform.engine.support.hierarchical.SameThreadHierarchicalTestExecutorService.submit(SameThreadHierarchicalTestExecutorService.java:35) ~[junit-platform-engine-1.8.2.jar:1.8.2]
	at org.junit.platform.engine.support.hierarchical.HierarchicalTestExecutor.execute(HierarchicalTestExecutor.java:57) ~[junit-platform-engine-1.8.2.jar:1.8.2]
	at org.junit.platform.engine.support.hierarchical.HierarchicalTestEngine.execute(HierarchicalTestEngine.java:54) ~[junit-platform-engine-1.8.2.jar:1.8.2]
	at org.junit.platform.launcher.core.EngineExecutionOrchestrator.execute(EngineExecutionOrchestrator.java:108) ~[na:na]
	at org.junit.platform.launcher.core.EngineExecutionOrchestrator.execute(EngineExecutionOrchestrator.java:88) ~[na:na]
	at org.junit.platform.launcher.core.EngineExecutionOrchestrator.lambda$execute$0(EngineExecutionOrchestrator.java:54) ~[na:na]
	at org.junit.platform.launcher.core.EngineExecutionOrchestrator.withInterceptedStreams(EngineExecutionOrchestrator.java:67) ~[na:na]
	at org.junit.platform.launcher.core.EngineExecutionOrchestrator.execute(EngineExecutionOrchestrator.java:52) ~[na:na]
	at org.junit.platform.launcher.core.DefaultLauncher.execute(DefaultLauncher.java:96) ~[na:na]
	at org.junit.platform.launcher.core.DefaultLauncher.execute(DefaultLauncher.java:75) ~[na:na]
	at org.gradle.api.internal.tasks.testing.junitplatform.JUnitPlatformTestClassProcessor$CollectAllTestClassesExecutor.processAllTestClasses(JUnitPlatformTestClassProcessor.java:99) ~[na:na]
	at org.gradle.api.internal.tasks.testing.junitplatform.JUnitPlatformTestClassProcessor$CollectAllTestClassesExecutor.access$000(JUnitPlatformTestClassProcessor.java:79) ~[na:na]
	at org.gradle.api.internal.tasks.testing.junitplatform.JUnitPlatformTestClassProcessor.stop(JUnitPlatformTestClassProcessor.java:75) ~[na:na]
	at org.gradle.api.internal.tasks.testing.SuiteTestClassProcessor.stop(SuiteTestClassProcessor.java:61) ~[na:na]
	at java.base/jdk.internal.reflect.NativeMethodAccessorImpl.invoke0(Native Method) ~[na:na]
	at java.base/jdk.internal.reflect.NativeMethodAccessorImpl.invoke(NativeMethodAccessorImpl.java:78) ~[na:na]
	at java.base/jdk.internal.reflect.DelegatingMethodAccessorImpl.invoke(DelegatingMethodAccessorImpl.java:43) ~[na:na]
	at java.base/java.lang.reflect.Method.invoke(Method.java:567) ~[na:na]
	at org.gradle.internal.dispatch.ReflectionDispatch.dispatch(ReflectionDispatch.java:36) ~[na:na]
	at org.gradle.internal.dispatch.ReflectionDispatch.dispatch(ReflectionDispatch.java:24) ~[na:na]
	at org.gradle.internal.dispatch.ContextClassLoaderDispatch.dispatch(ContextClassLoaderDispatch.java:33) ~[na:na]
	at org.gradle.internal.dispatch.ProxyDispatchAdapter$DispatchingInvocationHandler.invoke(ProxyDispatchAdapter.java:94) ~[na:na]
	at jdk.proxy1/jdk.proxy1.$Proxy2.stop(Unknown Source) ~[na:na]
	at org.gradle.api.internal.tasks.testing.worker.TestWorker$3.run(TestWorker.java:193) ~[na:na]
	at org.gradle.api.internal.tasks.testing.worker.TestWorker.executeAndMaintainThreadName(TestWorker.java:129) ~[na:na]
	at org.gradle.api.internal.tasks.testing.worker.TestWorker.execute(TestWorker.java:100) ~[na:na]
	at org.gradle.api.internal.tasks.testing.worker.TestWorker.execute(TestWorker.java:60) ~[na:na]
	at org.gradle.process.internal.worker.child.ActionExecutionWorker.execute(ActionExecutionWorker.java:56) ~[na:na]
	at org.gradle.process.internal.worker.child.SystemApplicationClassLoaderWorker.call(SystemApplicationClassLoaderWorker.java:133) ~[na:na]
	at org.gradle.process.internal.worker.child.SystemApplicationClassLoaderWorker.call(SystemApplicationClassLoaderWorker.java:71) ~[na:na]
	at worker.org.gradle.process.internal.worker.GradleWorkerMain.run(GradleWorkerMain.java:69) ~[gradle-worker.jar:na]
	at worker.org.gradle.process.internal.worker.GradleWorkerMain.main(GradleWorkerMain.java:74) ~[gradle-worker.jar:na]
Caused by: java.lang.RuntimeException: Could not find {
  &quot;openapi&quot;: &quot;3.0.1&quot;,
  &quot;info&quot;: {
    &quot;title&quot;: &quot;OpenAPI definition&quot;,
    &quot;version&quot;: &quot;v0&quot;
  },
  &quot;servers&quot;: [
    {
      &quot;url&quot;: &quot;http://localhost:8080&quot;,
      &quot;description&quot;: &quot;Generated server url&quot;
    }
  ],
  &quot;paths&quot;: {
    &quot;/products&quot;: {
      &quot;get&quot;: {
        &quot;tags&quot;: [
          &quot;product-controller&quot;
        ],
        &quot;operationId&quot;: &quot;getAllProducts&quot;,
        &quot;responses&quot;: {
          &quot;200&quot;: {
            &quot;description&quot;: &quot;OK&quot;,
            &quot;content&quot;: {
              &quot;application/json&quot;: {
                &quot;schema&quot;: {
                  &quot;type&quot;: &quot;array&quot;,
                  &quot;items&quot;: {
                    &quot;$ref&quot;: &quot;#/components/schemas/Product&quot;
                  }
                },
                &quot;examples&quot;: {
                  &quot;exists&quot;: {
                    &quot;value&quot;: [
                      {
                        &quot;id&quot;: &quot;9&quot;,
                        &quot;type&quot;: &quot;CREDIT_CARD&quot;,
                        &quot;name&quot;: &quot;GEM Visa&quot;,
                        &quot;version&quot;: &quot;v2&quot;
                      },
                      {
                        &quot;id&quot;: &quot;10&quot;,
                        &quot;type&quot;: &quot;CREDIT_CARD&quot;,
                        &quot;name&quot;: &quot;28 Degrees&quot;,
                        &quot;version&quot;: &quot;v1&quot;
                      }
                    ]
                  },
                  &quot;notExists&quot;: {
                    &quot;value&quot;: []
                  }
                }
              }
            }
          },
          &quot;401&quot;: {
            &quot;$ref&quot;: &quot;#/components/responses/UnauthorizedError&quot;
          }
        }
      }
    },
    &quot;/product/{id}&quot;: {
      &quot;get&quot;: {
        &quot;tags&quot;: [
          &quot;product-controller&quot;
        ],
        &quot;operationId&quot;: &quot;getProductById&quot;,
        &quot;parameters&quot;: [
          {
            &quot;name&quot;: &quot;id&quot;,
            &quot;in&quot;: &quot;path&quot;,
            &quot;required&quot;: true,
            &quot;schema&quot;: {
              &quot;type&quot;: &quot;string&quot;
            }
          }
        ],
        &quot;responses&quot;: {
          &quot;200&quot;: {
            &quot;description&quot;: &quot;OK&quot;,
            &quot;content&quot;: {
              &quot;application/json&quot;: {
                &quot;schema&quot;: {
                  &quot;$ref&quot;: &quot;#/components/schemas/Product&quot;
                },
                &quot;example&quot;: {
                  &quot;id&quot;: &quot;50&quot;,
                  &quot;type&quot;: &quot;CREDIT_CARD&quot;,
                  &quot;name&quot;: &quot;28 Degrees&quot;,
                  &quot;version&quot;: &quot;v1&quot;
                }
              }
            }
          },
          &quot;401&quot;: {
            &quot;$ref&quot;: &quot;#/components/responses/UnauthorizedError&quot;
          },
          &quot;404&quot;: {
            &quot;description&quot;: &quot;Product not found&quot;,
            &quot;content&quot;: {}
          }
        }
      }
    }
  },
  &quot;components&quot;: {
    &quot;responses&quot;: {
      &quot;UnauthorizedError&quot;: {
        &quot;description&quot;: &quot;Access token is missing or invalid&quot;
      }
    },
    &quot;schemas&quot;: {
      &quot;Product&quot;: {
        &quot;type&quot;: &quot;object&quot;,
        &quot;properties&quot;: {
          &quot;id&quot;: {
            &quot;type&quot;: &quot;string&quot;
          },
          &quot;type&quot;: {
            &quot;type&quot;: &quot;string&quot;
          },
          &quot;name&quot;: {
            &quot;type&quot;: &quot;string&quot;
          },
          &quot;version&quot;: {
            &quot;type&quot;: &quot;string&quot;
          }
        }
      }
    },
    &quot;securitySchemes&quot;: {
      &quot;bearerAuth&quot;: {
        &quot;type&quot;: &quot;http&quot;,
        &quot;scheme&quot;: &quot;bearer&quot;,
        &quot;bearerFormat&quot;: &quot;Bearer (19|20)//d//d-(0[1-9]|1[012])-(0[1-9]|[12][0-9]|3[01])T([01][1-9]|2[0123]):[0-5][0-9]&quot;
      }
    }
  },
  &quot;security&quot;: [
    {
      &quot;bearerAuth&quot;: []
    }
  ]
}
 on the classpath
	at io.swagger.v3.parser.util.ClasspathHelper.loadFileFromClasspath(ClasspathHelper.java:31) ~[swagger-parser-v3-2.0.28.jar:2.0.28]
	at io.swagger.v3.parser.OpenAPIV3Parser.readContentFromLocation(OpenAPIV3Parser.java:229) ~[swagger-parser-v3-2.0.28.jar:2.0.28]
	... 90 common frames omitted

2022-08-05 12:32:01.243 ERROR 28719 --- [    Test worker] i.swagger.parser.SwaggerCompatConverter  : failed to read resource listing

java.lang.RuntimeException: Could not find {
  &quot;openapi&quot;: &quot;3.0.1&quot;,
  &quot;info&quot;: {
    &quot;title&quot;: &quot;OpenAPI definition&quot;,
    &quot;version&quot;: &quot;v0&quot;
  },
  &quot;servers&quot;: [
    {
      &quot;url&quot;: &quot;http://localhost:8080&quot;,
      &quot;description&quot;: &quot;Generated server url&quot;
    }
  ],
  &quot;paths&quot;: {
    &quot;/products&quot;: {
      &quot;get&quot;: {
        &quot;tags&quot;: [
          &quot;product-controller&quot;
        ],
        &quot;operationId&quot;: &quot;getAllProducts&quot;,
        &quot;responses&quot;: {
          &quot;200&quot;: {
            &quot;description&quot;: &quot;OK&quot;,
            &quot;content&quot;: {
              &quot;application/json&quot;: {
                &quot;schema&quot;: {
                  &quot;type&quot;: &quot;array&quot;,
                  &quot;items&quot;: {
                    &quot;$ref&quot;: &quot;#/components/schemas/Product&quot;
                  }
                },
                &quot;examples&quot;: {
                  &quot;exists&quot;: {
                    &quot;value&quot;: [
                      {
                        &quot;id&quot;: &quot;9&quot;,
                        &quot;type&quot;: &quot;CREDIT_CARD&quot;,
                        &quot;name&quot;: &quot;GEM Visa&quot;,
                        &quot;version&quot;: &quot;v2&quot;
                      },
                      {
                        &quot;id&quot;: &quot;10&quot;,
                        &quot;type&quot;: &quot;CREDIT_CARD&quot;,
                        &quot;name&quot;: &quot;28 Degrees&quot;,
                        &quot;version&quot;: &quot;v1&quot;
                      }
                    ]
                  },
                  &quot;notExists&quot;: {
                    &quot;value&quot;: []
                  }
                }
              }
            }
          },
          &quot;401&quot;: {
            &quot;$ref&quot;: &quot;#/components/responses/UnauthorizedError&quot;
          }
        }
      }
    },
    &quot;/product/{id}&quot;: {
      &quot;get&quot;: {
        &quot;tags&quot;: [
          &quot;product-controller&quot;
        ],
        &quot;operationId&quot;: &quot;getProductById&quot;,
        &quot;parameters&quot;: [
          {
            &quot;name&quot;: &quot;id&quot;,
            &quot;in&quot;: &quot;path&quot;,
            &quot;required&quot;: true,
            &quot;schema&quot;: {
              &quot;type&quot;: &quot;string&quot;
            }
          }
        ],
        &quot;responses&quot;: {
          &quot;200&quot;: {
            &quot;description&quot;: &quot;OK&quot;,
            &quot;content&quot;: {
              &quot;application/json&quot;: {
                &quot;schema&quot;: {
                  &quot;$ref&quot;: &quot;#/components/schemas/Product&quot;
                },
                &quot;example&quot;: {
                  &quot;id&quot;: &quot;50&quot;,
                  &quot;type&quot;: &quot;CREDIT_CARD&quot;,
                  &quot;name&quot;: &quot;28 Degrees&quot;,
                  &quot;version&quot;: &quot;v1&quot;
                }
              }
            }
          },
          &quot;401&quot;: {
            &quot;$ref&quot;: &quot;#/components/responses/UnauthorizedError&quot;
          },
          &quot;404&quot;: {
            &quot;description&quot;: &quot;Product not found&quot;,
            &quot;content&quot;: {}
          }
        }
      }
    }
  },
  &quot;components&quot;: {
    &quot;responses&quot;: {
      &quot;UnauthorizedError&quot;: {
        &quot;description&quot;: &quot;Access token is missing or invalid&quot;
      }
    },
    &quot;schemas&quot;: {
      &quot;Product&quot;: {
        &quot;type&quot;: &quot;object&quot;,
        &quot;properties&quot;: {
          &quot;id&quot;: {
            &quot;type&quot;: &quot;string&quot;
          },
          &quot;type&quot;: {
            &quot;type&quot;: &quot;string&quot;
          },
          &quot;name&quot;: {
            &quot;type&quot;: &quot;string&quot;
          },
          &quot;version&quot;: {
            &quot;type&quot;: &quot;string&quot;
          }
        }
      }
    },
    &quot;securitySchemes&quot;: {
      &quot;bearerAuth&quot;: {
        &quot;type&quot;: &quot;http&quot;,
        &quot;scheme&quot;: &quot;bearer&quot;,
        &quot;bearerFormat&quot;: &quot;Bearer (19|20)//d//d-(0[1-9]|1[012])-(0[1-9]|[12][0-9]|3[01])T([01][1-9]|2[0123]):[0-5][0-9]&quot;
      }
    }
  },
  &quot;security&quot;: [
    {
      &quot;bearerAuth&quot;: []
    }
  ]
}
 on the classpath
	at io.swagger.parser.util.ClasspathHelper.loadFileFromClasspath(ClasspathHelper.java:31) ~[swagger-parser-1.0.56.jar:1.0.56]
	at io.swagger.parser.SwaggerCompatConverter.readResourceListing(SwaggerCompatConverter.java:206) ~[swagger-compat-spec-parser-1.0.56.jar:2.0.28]
	at io.swagger.parser.SwaggerCompatConverter.read(SwaggerCompatConverter.java:122) ~[swagger-compat-spec-parser-1.0.56.jar:2.0.28]
	at io.swagger.parser.SwaggerCompatConverter.readWithInfo(SwaggerCompatConverter.java:93) ~[swagger-compat-spec-parser-1.0.56.jar:2.0.28]
	at io.swagger.parser.SwaggerParser.readWithInfo(SwaggerParser.java:44) ~[swagger-parser-1.0.56.jar:2.0.28]
	at io.swagger.v3.parser.converter.SwaggerConverter.readLocation(SwaggerConverter.java:89) ~[swagger-parser-v2-converter-2.0.28.jar:2.0.28]
	at io.swagger.parser.OpenAPIParser.readLocation(OpenAPIParser.java:16) ~[swagger-parser-2.0.28.jar:2.0.28]
	at com.atlassian.oai.validator.util.OpenApiLoader.readSwaggerParserResult(OpenApiLoader.java:79) ~[swagger-request-validator-core-2.28.2.jar:na]
	at com.atlassian.oai.validator.util.OpenApiLoader.loadApi(OpenApiLoader.java:48) ~[swagger-request-validator-core-2.28.2.jar:na]
	at com.atlassian.oai.validator.OpenApiInteractionValidator$Builder.build(OpenApiInteractionValidator.java:622) ~[swagger-request-validator-core-2.28.2.jar:na]
	at com.atlassian.oai.validator.mockmvc.OpenApiMatchers.isValid(OpenApiMatchers.java:42) ~[swagger-request-validator-mockmvc-2.28.2.jar:na]
	at au.com.dius.pactworkshop.provider.ProductOpenAPIMockServerProviderTest.isValidProductRequest(ProductOpenAPIMockServerProviderTest.java:43) ~[test/:na]
	at java.base/jdk.internal.reflect.NativeMethodAccessorImpl.invoke0(Native Method) ~[na:na]
	at java.base/jdk.internal.reflect.NativeMethodAccessorImpl.invoke(NativeMethodAccessorImpl.java:78) ~[na:na]
	at java.base/jdk.internal.reflect.DelegatingMethodAccessorImpl.invoke(DelegatingMethodAccessorImpl.java:43) ~[na:na]
	at java.base/java.lang.reflect.Method.invoke(Method.java:567) ~[na:na]
	at org.junit.platform.commons.util.ReflectionUtils.invokeMethod(ReflectionUtils.java:725) ~[junit-platform-commons-1.8.2.jar:1.8.2]
	at org.junit.jupiter.engine.execution.MethodInvocation.proceed(MethodInvocation.java:60) ~[junit-jupiter-engine-5.8.2.jar:5.8.2]
	at org.junit.jupiter.engine.execution.InvocationInterceptorChain$ValidatingInvocation.proceed(InvocationInterceptorChain.java:131) ~[junit-jupiter-engine-5.8.2.jar:5.8.2]
	at org.junit.jupiter.engine.extension.TimeoutExtension.intercept(TimeoutExtension.java:149) ~[junit-jupiter-engine-5.8.2.jar:5.8.2]
	at org.junit.jupiter.engine.extension.TimeoutExtension.interceptTestableMethod(TimeoutExtension.java:140) ~[junit-jupiter-engine-5.8.2.jar:5.8.2]
	at org.junit.jupiter.engine.extension.TimeoutExtension.interceptTestMethod(TimeoutExtension.java:84) ~[junit-jupiter-engine-5.8.2.jar:5.8.2]
	at org.junit.jupiter.engine.execution.ExecutableInvoker$ReflectiveInterceptorCall.lambda$ofVoidMethod$0(ExecutableInvoker.java:115) ~[junit-jupiter-engine-5.8.2.jar:5.8.2]
	at org.junit.jupiter.engine.execution.ExecutableInvoker.lambda$invoke$0(ExecutableInvoker.java:105) ~[junit-jupiter-engine-5.8.2.jar:5.8.2]
	at org.junit.jupiter.engine.execution.InvocationInterceptorChain$InterceptedInvocation.proceed(InvocationInterceptorChain.java:106) ~[junit-jupiter-engine-5.8.2.jar:5.8.2]
	at org.junit.jupiter.engine.execution.InvocationInterceptorChain.proceed(InvocationInterceptorChain.java:64) ~[junit-jupiter-engine-5.8.2.jar:5.8.2]
	at org.junit.jupiter.engine.execution.InvocationInterceptorChain.chainAndInvoke(InvocationInterceptorChain.java:45) ~[junit-jupiter-engine-5.8.2.jar:5.8.2]
	at org.junit.jupiter.engine.execution.InvocationInterceptorChain.invoke(InvocationInterceptorChain.java:37) ~[junit-jupiter-engine-5.8.2.jar:5.8.2]
	at org.junit.jupiter.engine.execution.ExecutableInvoker.invoke(ExecutableInvoker.java:104) ~[junit-jupiter-engine-5.8.2.jar:5.8.2]
	at org.junit.jupiter.engine.execution.ExecutableInvoker.invoke(ExecutableInvoker.java:98) ~[junit-jupiter-engine-5.8.2.jar:5.8.2]
	at org.junit.jupiter.engine.descriptor.TestMethodTestDescriptor.lambda$invokeTestMethod$7(TestMethodTestDescriptor.java:214) ~[junit-jupiter-engine-5.8.2.jar:5.8.2]
	at org.junit.platform.engine.support.hierarchical.ThrowableCollector.execute(ThrowableCollector.java:73) ~[junit-platform-engine-1.8.2.jar:1.8.2]
	at org.junit.jupiter.engine.descriptor.TestMethodTestDescriptor.invokeTestMethod(TestMethodTestDescriptor.java:210) ~[junit-jupiter-engine-5.8.2.jar:5.8.2]
	at org.junit.jupiter.engine.descriptor.TestMethodTestDescriptor.execute(TestMethodTestDescriptor.java:135) ~[junit-jupiter-engine-5.8.2.jar:5.8.2]
	at org.junit.jupiter.engine.descriptor.TestMethodTestDescriptor.execute(TestMethodTestDescriptor.java:66) ~[junit-jupiter-engine-5.8.2.jar:5.8.2]
	at org.junit.platform.engine.support.hierarchical.NodeTestTask.lambda$executeRecursively$6(NodeTestTask.java:151) ~[junit-platform-engine-1.8.2.jar:1.8.2]
	at org.junit.platform.engine.support.hierarchical.ThrowableCollector.execute(ThrowableCollector.java:73) ~[junit-platform-engine-1.8.2.jar:1.8.2]
	at org.junit.platform.engine.support.hierarchical.NodeTestTask.lambda$executeRecursively$8(NodeTestTask.java:141) ~[junit-platform-engine-1.8.2.jar:1.8.2]
	at org.junit.platform.engine.support.hierarchical.Node.around(Node.java:137) ~[junit-platform-engine-1.8.2.jar:1.8.2]
	at org.junit.platform.engine.support.hierarchical.NodeTestTask.lambda$executeRecursively$9(NodeTestTask.java:139) ~[junit-platform-engine-1.8.2.jar:1.8.2]
	at org.junit.platform.engine.support.hierarchical.ThrowableCollector.execute(ThrowableCollector.java:73) ~[junit-platform-engine-1.8.2.jar:1.8.2]
	at org.junit.platform.engine.support.hierarchical.NodeTestTask.executeRecursively(NodeTestTask.java:138) ~[junit-platform-engine-1.8.2.jar:1.8.2]
	at org.junit.platform.engine.support.hierarchical.NodeTestTask.execute(NodeTestTask.java:95) ~[junit-platform-engine-1.8.2.jar:1.8.2]
	at java.base/java.util.ArrayList.forEach(ArrayList.java:1511) ~[na:na]
	at org.junit.platform.engine.support.hierarchical.SameThreadHierarchicalTestExecutorService.invokeAll(SameThreadHierarchicalTestExecutorService.java:41) ~[junit-platform-engine-1.8.2.jar:1.8.2]
	at org.junit.platform.engine.support.hierarchical.NodeTestTask.lambda$executeRecursively$6(NodeTestTask.java:155) ~[junit-platform-engine-1.8.2.jar:1.8.2]
	at org.junit.platform.engine.support.hierarchical.ThrowableCollector.execute(ThrowableCollector.java:73) ~[junit-platform-engine-1.8.2.jar:1.8.2]
	at org.junit.platform.engine.support.hierarchical.NodeTestTask.lambda$executeRecursively$8(NodeTestTask.java:141) ~[junit-platform-engine-1.8.2.jar:1.8.2]
	at org.junit.platform.engine.support.hierarchical.Node.around(Node.java:137) ~[junit-platform-engine-1.8.2.jar:1.8.2]
	at org.junit.platform.engine.support.hierarchical.NodeTestTask.lambda$executeRecursively$9(NodeTestTask.java:139) ~[junit-platform-engine-1.8.2.jar:1.8.2]
	at org.junit.platform.engine.support.hierarchical.ThrowableCollector.execute(ThrowableCollector.java:73) ~[junit-platform-engine-1.8.2.jar:1.8.2]
	at org.junit.platform.engine.support.hierarchical.NodeTestTask.executeRecursively(NodeTestTask.java:138) ~[junit-platform-engine-1.8.2.jar:1.8.2]
	at org.junit.platform.engine.support.hierarchical.NodeTestTask.execute(NodeTestTask.java:95) ~[junit-platform-engine-1.8.2.jar:1.8.2]
	at java.base/java.util.ArrayList.forEach(ArrayList.java:1511) ~[na:na]
	at org.junit.platform.engine.support.hierarchical.SameThreadHierarchicalTestExecutorService.invokeAll(SameThreadHierarchicalTestExecutorService.java:41) ~[junit-platform-engine-1.8.2.jar:1.8.2]
	at org.junit.platform.engine.support.hierarchical.NodeTestTask.lambda$executeRecursively$6(NodeTestTask.java:155) ~[junit-platform-engine-1.8.2.jar:1.8.2]
	at org.junit.platform.engine.support.hierarchical.ThrowableCollector.execute(ThrowableCollector.java:73) ~[junit-platform-engine-1.8.2.jar:1.8.2]
	at org.junit.platform.engine.support.hierarchical.NodeTestTask.lambda$executeRecursively$8(NodeTestTask.java:141) ~[junit-platform-engine-1.8.2.jar:1.8.2]
	at org.junit.platform.engine.support.hierarchical.Node.around(Node.java:137) ~[junit-platform-engine-1.8.2.jar:1.8.2]
	at org.junit.platform.engine.support.hierarchical.NodeTestTask.lambda$executeRecursively$9(NodeTestTask.java:139) ~[junit-platform-engine-1.8.2.jar:1.8.2]
	at org.junit.platform.engine.support.hierarchical.ThrowableCollector.execute(ThrowableCollector.java:73) ~[junit-platform-engine-1.8.2.jar:1.8.2]
	at org.junit.platform.engine.support.hierarchical.NodeTestTask.executeRecursively(NodeTestTask.java:138) ~[junit-platform-engine-1.8.2.jar:1.8.2]
	at org.junit.platform.engine.support.hierarchical.NodeTestTask.execute(NodeTestTask.java:95) ~[junit-platform-engine-1.8.2.jar:1.8.2]
	at org.junit.platform.engine.support.hierarchical.SameThreadHierarchicalTestExecutorService.submit(SameThreadHierarchicalTestExecutorService.java:35) ~[junit-platform-engine-1.8.2.jar:1.8.2]
	at org.junit.platform.engine.support.hierarchical.HierarchicalTestExecutor.execute(HierarchicalTestExecutor.java:57) ~[junit-platform-engine-1.8.2.jar:1.8.2]
	at org.junit.platform.engine.support.hierarchical.HierarchicalTestEngine.execute(HierarchicalTestEngine.java:54) ~[junit-platform-engine-1.8.2.jar:1.8.2]
	at org.junit.platform.launcher.core.EngineExecutionOrchestrator.execute(EngineExecutionOrchestrator.java:108) ~[na:na]
	at org.junit.platform.launcher.core.EngineExecutionOrchestrator.execute(EngineExecutionOrchestrator.java:88) ~[na:na]
	at org.junit.platform.launcher.core.EngineExecutionOrchestrator.lambda$execute$0(EngineExecutionOrchestrator.java:54) ~[na:na]
	at org.junit.platform.launcher.core.EngineExecutionOrchestrator.withInterceptedStreams(EngineExecutionOrchestrator.java:67) ~[na:na]
	at org.junit.platform.launcher.core.EngineExecutionOrchestrator.execute(EngineExecutionOrchestrator.java:52) ~[na:na]
	at org.junit.platform.launcher.core.DefaultLauncher.execute(DefaultLauncher.java:96) ~[na:na]
	at org.junit.platform.launcher.core.DefaultLauncher.execute(DefaultLauncher.java:75) ~[na:na]
	at org.gradle.api.internal.tasks.testing.junitplatform.JUnitPlatformTestClassProcessor$CollectAllTestClassesExecutor.processAllTestClasses(JUnitPlatformTestClassProcessor.java:99) ~[na:na]
	at org.gradle.api.internal.tasks.testing.junitplatform.JUnitPlatformTestClassProcessor$CollectAllTestClassesExecutor.access$000(JUnitPlatformTestClassProcessor.java:79) ~[na:na]
	at org.gradle.api.internal.tasks.testing.junitplatform.JUnitPlatformTestClassProcessor.stop(JUnitPlatformTestClassProcessor.java:75) ~[na:na]
	at org.gradle.api.internal.tasks.testing.SuiteTestClassProcessor.stop(SuiteTestClassProcessor.java:61) ~[na:na]
	at java.base/jdk.internal.reflect.NativeMethodAccessorImpl.invoke0(Native Method) ~[na:na]
	at java.base/jdk.internal.reflect.NativeMethodAccessorImpl.invoke(NativeMethodAccessorImpl.java:78) ~[na:na]
	at java.base/jdk.internal.reflect.DelegatingMethodAccessorImpl.invoke(DelegatingMethodAccessorImpl.java:43) ~[na:na]
	at java.base/java.lang.reflect.Method.invoke(Method.java:567) ~[na:na]
	at org.gradle.internal.dispatch.ReflectionDispatch.dispatch(ReflectionDispatch.java:36) ~[na:na]
	at org.gradle.internal.dispatch.ReflectionDispatch.dispatch(ReflectionDispatch.java:24) ~[na:na]
	at org.gradle.internal.dispatch.ContextClassLoaderDispatch.dispatch(ContextClassLoaderDispatch.java:33) ~[na:na]
	at org.gradle.internal.dispatch.ProxyDispatchAdapter$DispatchingInvocationHandler.invoke(ProxyDispatchAdapter.java:94) ~[na:na]
	at jdk.proxy1/jdk.proxy1.$Proxy2.stop(Unknown Source) ~[na:na]
	at org.gradle.api.internal.tasks.testing.worker.TestWorker$3.run(TestWorker.java:193) ~[na:na]
	at org.gradle.api.internal.tasks.testing.worker.TestWorker.executeAndMaintainThreadName(TestWorker.java:129) ~[na:na]
	at org.gradle.api.internal.tasks.testing.worker.TestWorker.execute(TestWorker.java:100) ~[na:na]
	at org.gradle.api.internal.tasks.testing.worker.TestWorker.execute(TestWorker.java:60) ~[na:na]
	at org.gradle.process.internal.worker.child.ActionExecutionWorker.execute(ActionExecutionWorker.java:56) ~[na:na]
	at org.gradle.process.internal.worker.child.SystemApplicationClassLoaderWorker.call(SystemApplicationClassLoaderWorker.java:133) ~[na:na]
	at org.gradle.process.internal.worker.child.SystemApplicationClassLoaderWorker.call(SystemApplicationClassLoaderWorker.java:71) ~[na:na]
	at worker.org.gradle.process.internal.worker.GradleWorkerMain.run(GradleWorkerMain.java:69) ~[gradle-worker.jar:na]
	at worker.org.gradle.process.internal.worker.GradleWorkerMain.main(GradleWorkerMain.java:74) ~[gradle-worker.jar:na]

</pre>
</span>
</div>
</div>
<div id="footer">
<p>
<div>
<label class="hidden" id="label-for-line-wrapping-toggle" for="line-wrapping-toggle">Wrap lines
<input id="line-wrapping-toggle" type="checkbox" autocomplete="off"/>
</label>
</div>Generated by 
<a href="http://www.gradle.org">Gradle 7.4.2</a> at 5 . 2022 ., 12:32:03</p>
</div>
</div>
</body>
</html>
